0 info it worked if it ends with ok
1 verbose cli [ '/usr/local/bin/node',
1 verbose cli   '/usr/local/bin/npm',
1 verbose cli   'run',
1 verbose cli   'softStart' ]
2 info using npm@3.8.6
3 info using node@v6.1.0
4 verbose run-script [ 'presoftStart', 'softStart', 'postsoftStart' ]
5 info lifecycle hapi_test@1.0.0~presoftStart: hapi_test@1.0.0
6 silly lifecycle hapi_test@1.0.0~presoftStart: no script for presoftStart, continuing
7 info lifecycle hapi_test@1.0.0~softStart: hapi_test@1.0.0
8 verbose lifecycle hapi_test@1.0.0~softStart: unsafe-perm in lifecycle true
9 verbose lifecycle hapi_test@1.0.0~softStart: PATH: /usr/local/lib/node_modules/npm/bin/node-gyp-bin:/Users/ryo/Documents/Coding/GitHub/testing/hapiTest/node_modules/.bin:/usr/local/bin:/usr/local/bin:/usr/bin:/bin:/usr/sbin:/sbin:/opt/X11/bin
10 verbose lifecycle hapi_test@1.0.0~softStart: CWD: /Users/ryo/Documents/Coding/GitHub/testing/hapiTest
11 silly lifecycle hapi_test@1.0.0~softStart: Args: [ '-c', 'node server.js' ]
12 silly lifecycle hapi_test@1.0.0~softStart: Returned: code: 1  signal: null
13 info lifecycle hapi_test@1.0.0~softStart: Failed to exec softStart script
14 verbose stack Error: hapi_test@1.0.0 softStart: `node server.js`
14 verbose stack Exit status 1
14 verbose stack     at EventEmitter.<anonymous> (/usr/local/lib/node_modules/npm/lib/utils/lifecycle.js:239:16)
14 verbose stack     at emitTwo (events.js:106:13)
14 verbose stack     at EventEmitter.emit (events.js:191:7)
14 verbose stack     at ChildProcess.<anonymous> (/usr/local/lib/node_modules/npm/lib/utils/spawn.js:24:14)
14 verbose stack     at emitTwo (events.js:106:13)
14 verbose stack     at ChildProcess.emit (events.js:191:7)
14 verbose stack     at maybeClose (internal/child_process.js:850:16)
14 verbose stack     at Process.ChildProcess._handle.onexit (internal/child_process.js:215:5)
15 verbose pkgid hapi_test@1.0.0
16 verbose cwd /Users/ryo/Documents/Coding/GitHub/testing/hapiTest
17 error Darwin 15.6.0
18 error argv "/usr/local/bin/node" "/usr/local/bin/npm" "run" "softStart"
19 error node v6.1.0
20 error npm  v3.8.6
21 error code ELIFECYCLE
22 error hapi_test@1.0.0 softStart: `node server.js`
22 error Exit status 1
23 error Failed at the hapi_test@1.0.0 softStart script 'node server.js'.
23 error Make sure you have the latest version of node.js and npm installed.
23 error If you do, this is most likely a problem with the hapi_test package,
23 error not with npm itself.
23 error Tell the author that this fails on your system:
23 error     node server.js
23 error You can get information on how to open an issue for this project with:
23 error     npm bugs hapi_test
23 error Or if that isn't available, you can get their info via:
23 error     npm owner ls hapi_test
23 error There is likely additional logging output above.
24 verbose exit [ 1, true ]
